INFO: Using device cuda:0
INFO: A
INFO: B
INFO: C
INFO: Dataloader created, dataset size: 40000
INFO: CycleGAN Network:

INFO: Unet Network:
	3 input channels
	128 output channels (classes)
	Bilinear upscaling
INFO: Starting training:
    Epochs:          100
    Batch size:      1
    Learning rate:   0.0002
    Training size:   40000
    Device:          cuda

INFO: Starting Epoch 1 at time 1586168090.2406235
Start
/db/pszaj/proj-3d-plant/volumetric-cyclegan/trainA
/db/pszaj/proj-3d-plant/volumetric-cyclegan/trainB
1
2
3

Number of Synthetic Images:	39997

Number of Real Images:	40000

Number of Volumes:	39997
initialize network with normal
initialize network with normal
initialize network with normal
initialize network with normal
---------- Networks initialized -------------
[Network G_A] Total number of parameters : 11.378 M
[Network G_B] Total number of parameters : 11.378 M
[Network D_A] Total number of parameters : 2.765 M
[Network D_B] Total number of parameters : 2.765 M
-----------------------------------------------
[Network Unet] Total number of parameters : 53.570 M
create web directory ./checkpoints/Ganana_Test/web...
INFO: Parameter not changed? False
INFO: Parameter not changed? False
INFO: Parameter not changed? False
INFO: Parameter not changed? False
INFO: Parameter not changed? False
INFO: Parameter not changed? False
INFO: Parameter not changed? False
INFO: Parameter not changed? False
INFO: Parameter not changed? False
INFO: Parameter not changed? False
INFO: Parameter not changed? False
INFO: Parameter not changed? False
INFO: Parameter not changed? False
INFO: Parameter not changed? False
INFO: Parameter not changed? False
INFO: Parameter not changed? False
INFO: Parameter not changed? False
INFO: Parameter not changed? False
INFO: Parameter not changed? False
INFO: Parameter not changed? False
INFO: Parameter not changed? False
INFO: Parameter not changed? False
INFO: Parameter not changed? False
INFO: Parameter not changed? False
INFO: Parameter not changed? False
INFO: Parameter not changed? False
INFO: Parameter not changed? False
INFO: Parameter not changed? False
INFO: Parameter not changed? False
INFO: Parameter not changed? False
INFO: Parameter not changed? False
INFO: Parameter not changed? False
INFO: Parameter not changed? False
INFO: Parameter not changed? False
INFO: Parameter not changed? False
INFO: Parameter not changed? False
INFO: Parameter not changed? False
INFO: Parameter not changed? False
INFO: Parameter not changed? False
INFO: Parameter not changed? False
INFO: Parameter not changed? False
INFO: Parameter not changed? False
INFO: Parameter not changed? False
INFO: Parameter not changed? False
INFO: Parameter not changed? False
INFO: Parameter not changed? False
INFO: Parameter not changed? False
INFO: Parameter not changed? False
INFO: Parameter not changed? False
INFO: Parameter not changed? False
INFO: Parameter not changed? False
INFO: Parameter not changed? False
INFO: Parameter not changed? False
INFO: Parameter not changed? False
INFO: Parameter not changed? False
INFO: Parameter not changed? False
INFO: Parameter not changed? False
INFO: Parameter not changed? False
INFO: Parameter not changed? False
INFO: Parameter not changed? False
INFO: Parameter not changed? False
INFO: Parameter not changed? False
INFO: Parameter not changed? False
INFO: Parameter not changed? False
INFO: Parameter not changed? False
INFO: Parameter not changed? False
INFO: Parameter not changed? False
INFO: Parameter not changed? False
INFO: Parameter not changed? False
INFO: Parameter not changed? False
INFO: Parameter not changed? False
INFO: Parameter not changed? False
INFO: Parameter not changed? False
INFO: Parameter not changed? False
INFO: Parameter not changed? False
INFO: Parameter not changed? False
INFO: Parameter not changed? False
INFO: Parameter not changed? False
INFO: Parameter not changed? False
INFO: Parameter not changed? False
INFO: 0.20890648663043976
INFO: Parameter not changed? False
INFO: Parameter not changed? False
INFO: Parameter not changed? False
INFO: Parameter not changed? False
INFO: Parameter not changed? False
INFO: Parameter not changed? False
INFO: Parameter not changed? False
INFO: Parameter not changed? False
INFO: Parameter not changed? False
INFO: Parameter not changed? False
INFO: Parameter not changed? False
INFO: Parameter not changed? False
INFO: Parameter not changed? False
INFO: Parameter not changed? False
INFO: Parameter not changed? False
INFO: Parameter not changed? False
INFO: Parameter not changed? False
INFO: Parameter not changed? False
INFO: Parameter not changed? False
INFO: Parameter not changed? False
INFO: Parameter not changed? False
INFO: Parameter not changed? False
INFO: Parameter not changed? False
INFO: Parameter not changed? False
INFO: Parameter not changed? False
INFO: Parameter not changed? False
INFO: Parameter not changed? False
INFO: Parameter not changed? False
INFO: Parameter not changed? False
INFO: Parameter not changed? False
INFO: Parameter not changed? False
INFO: Parameter not changed? False
INFO: Parameter not changed? False
INFO: Parameter not changed? False
INFO: Parameter not changed? False
INFO: Parameter not changed? False
INFO: Parameter not changed? False
INFO: Parameter not changed? False
INFO: Parameter not changed? False
INFO: Parameter not changed? False
INFO: Parameter not changed? False
INFO: Parameter not changed? False
INFO: Parameter not changed? False
INFO: Parameter not changed? False
INFO: Parameter not changed? False
INFO: Parameter not changed? False
INFO: Parameter not changed? False
INFO: Parameter not changed? False
INFO: Parameter not changed? False
INFO: Parameter not changed? False
INFO: Parameter not changed? False
INFO: Parameter not changed? False
INFO: Parameter not changed? False
INFO: Parameter not changed? False
INFO: Parameter not changed? False
INFO: Parameter not changed? False
INFO: Parameter not changed? False
INFO: Parameter not changed? False
INFO: Parameter not changed? False
INFO: Parameter not changed? False
INFO: Parameter not changed? False
INFO: Parameter not changed? False
INFO: Parameter not changed? False
INFO: Parameter not changed? False
INFO: Parameter not changed? False
INFO: Parameter not changed? False
INFO: Parameter not changed? False
INFO: Parameter not changed? False
INFO: Parameter not changed? False
INFO: Parameter not changed? False
INFO: Parameter not changed? False
INFO: Parameter not changed? False
INFO: Parameter not changed? False
INFO: Parameter not changed? False
INFO: Parameter not changed? False
INFO: Parameter not changed? False
INFO: Parameter not changed? False
INFO: Parameter not changed? False
INFO: Parameter not changed? False
INFO: Parameter not changed? False
INFO: 0.09979899972677231
INFO: Parameter not changed? False
INFO: Parameter not changed? False
INFO: Parameter not changed? False
INFO: Parameter not changed? False
INFO: Parameter not changed? False
INFO: Parameter not changed? False
INFO: Parameter not changed? False
INFO: Parameter not changed? False
INFO: Parameter not changed? False
INFO: Parameter not changed? False
INFO: Parameter not changed? False
INFO: Parameter not changed? False
INFO: Parameter not changed? False
INFO: Parameter not changed? False
INFO: Parameter not changed? False
INFO: Parameter not changed? False
INFO: Parameter not changed? False
INFO: Parameter not changed? False
INFO: Parameter not changed? False
INFO: Parameter not changed? False
INFO: Parameter not changed? False
INFO: Parameter not changed? False
INFO: Parameter not changed? False
INFO: Parameter not changed? False
INFO: Parameter not changed? False
INFO: Parameter not changed? False
INFO: Parameter not changed? False
INFO: Parameter not changed? False
INFO: Parameter not changed? False
INFO: Parameter not changed? False
INFO: Parameter not changed? False
INFO: Parameter not changed? False
INFO: Parameter not changed? False
INFO: Parameter not changed? False
INFO: Parameter not changed? False
INFO: Parameter not changed? False
INFO: Parameter not changed? False
INFO: Parameter not changed? False
INFO: Parameter not changed? False
INFO: Parameter not changed? False
INFO: Parameter not changed? False
INFO: Parameter not changed? False
INFO: Parameter not changed? False
INFO: Parameter not changed? False
INFO: Parameter not changed? False
INFO: Parameter not changed? False
INFO: Parameter not changed? False
INFO: Parameter not changed? False
INFO: Parameter not changed? False
INFO: Parameter not changed? False
INFO: Parameter not changed? False
INFO: Parameter not changed? False
INFO: Parameter not changed? False
INFO: Parameter not changed? False
INFO: Parameter not changed? False
INFO: Parameter not changed? False
INFO: Parameter not changed? False
INFO: Parameter not changed? False
INFO: Parameter not changed? False
INFO: Parameter not changed? False
INFO: Parameter not changed? False
INFO: Parameter not changed? False
INFO: Parameter not changed? False
INFO: Parameter not changed? False
INFO: Parameter not changed? False
INFO: Parameter not changed? False
INFO: Parameter not changed? False
INFO: Parameter not changed? False
INFO: Parameter not changed? False
INFO: Parameter not changed? False
INFO: Parameter not changed? False
INFO: Parameter not changed? False
INFO: Parameter not changed? False
INFO: Parameter not changed? False
INFO: Parameter not changed? False
INFO: Parameter not changed? False
INFO: Parameter not changed? False
INFO: Parameter not changed? False
INFO: Parameter not changed? False
INFO: Parameter not changed? False
INFO: 0.14083267748355865
INFO: Parameter not changed? False
INFO: Parameter not changed? False
INFO: Parameter not changed? False
INFO: Parameter not changed? False
INFO: Parameter not changed? False
INFO: Parameter not changed? False
INFO: Parameter not changed? False
INFO: Parameter not changed? False
INFO: Parameter not changed? False
INFO: Parameter not changed? False
INFO: Parameter not changed? False
INFO: Parameter not changed? False
INFO: Parameter not changed? False
INFO: Parameter not changed? False
INFO: Parameter not changed? False
INFO: Parameter not changed? False
INFO: Parameter not changed? False
INFO: Parameter not changed? False
INFO: Parameter not changed? False
INFO: Parameter not changed? False
INFO: Parameter not changed? False
INFO: Parameter not changed? False
INFO: Parameter not changed? False
INFO: Parameter not changed? False
INFO: Parameter not changed? False
INFO: Parameter not changed? False
INFO: Parameter not changed? False
INFO: Parameter not changed? False
INFO: Parameter not changed? False
INFO: Parameter not changed? False
INFO: Parameter not changed? False
INFO: Parameter not changed? False
INFO: Parameter not changed? False
INFO: Parameter not changed? False
INFO: Parameter not changed? False
INFO: Parameter not changed? False
INFO: Parameter not changed? False
INFO: Parameter not changed? False
INFO: Parameter not changed? False
INFO: Parameter not changed? False
INFO: Parameter not changed? False
INFO: Parameter not changed? False
INFO: Parameter not changed? False
INFO: Parameter not changed? False
INFO: Parameter not changed? False
INFO: Parameter not changed? False
INFO: Parameter not changed? False
INFO: Parameter not changed? False
INFO: Parameter not changed? False
INFO: Parameter not changed? False
INFO: Parameter not changed? False
INFO: Parameter not changed? False
INFO: Parameter not changed? False
INFO: Parameter not changed? False
INFO: Parameter not changed? False
INFO: Parameter not changed? False
INFO: Parameter not changed? False
INFO: Parameter not changed? False
INFO: Parameter not changed? False
INFO: Parameter not changed? False
INFO: Parameter not changed? False
INFO: Parameter not changed? False
INFO: Parameter not changed? False
INFO: Parameter not changed? False
INFO: Parameter not changed? False
INFO: Parameter not changed? False
INFO: Parameter not changed? False
INFO: Parameter not changed? False
INFO: Parameter not changed? False
INFO: Parameter not changed? False
INFO: Parameter not changed? False
INFO: Parameter not changed? False
INFO: Parameter not changed? False
INFO: Parameter not changed? False
INFO: Parameter not changed? False
INFO: Parameter not changed? False
INFO: Parameter not changed? False
INFO: Parameter not changed? False
INFO: Parameter not changed? False
INFO: Parameter not changed? False
INFO: 0.11786272376775742
INFO: Parameter not changed? False
INFO: Parameter not changed? False
INFO: Parameter not changed? False
INFO: Parameter not changed? False
INFO: Parameter not changed? False
INFO: Parameter not changed? False
INFO: Parameter not changed? False
INFO: Parameter not changed? False
INFO: Parameter not changed? False
INFO: Parameter not changed? False
INFO: Parameter not changed? False
INFO: Parameter not changed? False
INFO: Parameter not changed? False
INFO: Parameter not changed? False
INFO: Parameter not changed? False
INFO: Parameter not changed? False
INFO: Parameter not changed? False
INFO: Parameter not changed? False
INFO: Parameter not changed? False
INFO: Parameter not changed? False
INFO: Parameter not changed? False
INFO: Parameter not changed? False
INFO: Parameter not changed? False
INFO: Parameter not changed? False
INFO: Parameter not changed? False
INFO: Parameter not changed? False
INFO: Parameter not changed? False
INFO: Parameter not changed? False
INFO: Parameter not changed? False
INFO: Parameter not changed? False
INFO: Parameter not changed? False
INFO: Parameter not changed? False
INFO: Parameter not changed? False
INFO: Parameter not changed? False
INFO: Parameter not changed? False
INFO: Parameter not changed? False
INFO: Parameter not changed? False
INFO: Parameter not changed? False
INFO: Parameter not changed? False
INFO: Parameter not changed? False
INFO: Parameter not changed? False
INFO: Parameter not changed? False
INFO: Parameter not changed? False
INFO: Parameter not changed? False
INFO: Parameter not changed? False
INFO: Parameter not changed? False
INFO: Parameter not changed? False
INFO: Parameter not changed? False
INFO: Parameter not changed? False
INFO: Parameter not changed? False
INFO: Parameter not changed? False
INFO: Parameter not changed? False
INFO: Parameter not changed? False
INFO: Parameter not changed? False
INFO: Parameter not changed? False
INFO: Parameter not changed? False
INFO: Parameter not changed? False
INFO: Parameter not changed? False
INFO: Parameter not changed? False
INFO: Parameter not changed? False
INFO: Parameter not changed? False
INFO: Parameter not changed? False
INFO: Parameter not changed? False
INFO: Parameter not changed? False
INFO: Parameter not changed? False
INFO: Parameter not changed? False
INFO: Parameter not changed? False
INFO: Parameter not changed? False
INFO: Parameter not changed? False
INFO: Parameter not changed? False
INFO: Parameter not changed? False
INFO: Parameter not changed? False
INFO: Parameter not changed? False
INFO: Parameter not changed? False
INFO: Parameter not changed? False
INFO: Parameter not changed? False
INFO: Parameter not changed? False
INFO: Parameter not changed? False
INFO: Parameter not changed? False
INFO: Parameter not changed? False
INFO: 0.128788560628891
INFO: Parameter not changed? False
INFO: Parameter not changed? False
INFO: Parameter not changed? False
INFO: Parameter not changed? False
INFO: Parameter not changed? False
INFO: Parameter not changed? False
INFO: Parameter not changed? False
INFO: Parameter not changed? False
INFO: Parameter not changed? False
INFO: Parameter not changed? False
INFO: Parameter not changed? False
INFO: Parameter not changed? False
INFO: Parameter not changed? False
INFO: Parameter not changed? False
INFO: Parameter not changed? False
INFO: Parameter not changed? False
INFO: Parameter not changed? False
INFO: Parameter not changed? False
INFO: Parameter not changed? False
INFO: Parameter not changed? False
INFO: Parameter not changed? False
INFO: Parameter not changed? False
INFO: Parameter not changed? False
INFO: Parameter not changed? False
INFO: Parameter not changed? False
INFO: Parameter not changed? False
INFO: Parameter not changed? False
INFO: Parameter not changed? False
INFO: Parameter not changed? False
INFO: Parameter not changed? False
INFO: Parameter not changed? False
INFO: Parameter not changed? False
INFO: Parameter not changed? False
INFO: Parameter not changed? False
INFO: Parameter not changed? False
INFO: Parameter not changed? False
INFO: Parameter not changed? False
INFO: Parameter not changed? False
INFO: Parameter not changed? False
INFO: Parameter not changed? False
INFO: Parameter not changed? False
INFO: Parameter not changed? False
INFO: Parameter not changed? False
INFO: Parameter not changed? False
INFO: Parameter not changed? False
INFO: Parameter not changed? False
INFO: Parameter not changed? False
INFO: Parameter not changed? False
INFO: Parameter not changed? False
INFO: Parameter not changed? False
INFO: Parameter not changed? False
INFO: Parameter not changed? False
INFO: Parameter not changed? False
INFO: Parameter not changed? False
INFO: Parameter not changed? False
INFO: Parameter not changed? False
INFO: Parameter not changed? False
INFO: Parameter not changed? False
INFO: Parameter not changed? False
INFO: Parameter not changed? False
INFO: Parameter not changed? False
INFO: Parameter not changed? False
INFO: Parameter not changed? False
INFO: Parameter not changed? False
INFO: Parameter not changed? False
INFO: Parameter not changed? False
INFO: Parameter not changed? False
INFO: Parameter not changed? False
INFO: Parameter not changed? False
INFO: Parameter not changed? False
INFO: Parameter not changed? False
INFO: Parameter not changed? False
INFO: Parameter not changed? False
INFO: Parameter not changed? False
INFO: Parameter not changed? False
INFO: Parameter not changed? False
INFO: Parameter not changed? False
INFO: Parameter not changed? False
INFO: Parameter not changed? False
INFO: Parameter not changed? False
INFO: 0.07275787740945816
INFO: Parameter not changed? False
INFO: Parameter not changed? False
INFO: Parameter not changed? False
INFO: Parameter not changed? False
INFO: Parameter not changed? False
INFO: Parameter not changed? False
INFO: Parameter not changed? False
INFO: Parameter not changed? False
INFO: Parameter not changed? False
INFO: Parameter not changed? False
INFO: Parameter not changed? False
INFO: Parameter not changed? False
INFO: Parameter not changed? False
INFO: Parameter not changed? False
INFO: Parameter not changed? False
INFO: Parameter not changed? False
INFO: Parameter not changed? False
INFO: Parameter not changed? False
INFO: Parameter not changed? False
INFO: Parameter not changed? False
INFO: Parameter not changed? False
INFO: Parameter not changed? False
INFO: Parameter not changed? False
INFO: Parameter not changed? False
INFO: Parameter not changed? False
INFO: Parameter not changed? False
INFO: Parameter not changed? False
INFO: Parameter not changed? False
INFO: Parameter not changed? False
INFO: Parameter not changed? False
INFO: Parameter not changed? False
INFO: Parameter not changed? False
INFO: Parameter not changed? False
INFO: Parameter not changed? False
INFO: Parameter not changed? False
INFO: Parameter not changed? False
INFO: Parameter not changed? False
INFO: Parameter not changed? False
INFO: Parameter not changed? False
INFO: Parameter not changed? False
INFO: Parameter not changed? False
INFO: Parameter not changed? False
INFO: Parameter not changed? False
INFO: Parameter not changed? False
INFO: Parameter not changed? False
INFO: Parameter not changed? False
INFO: Parameter not changed? False
INFO: Parameter not changed? False
INFO: Parameter not changed? False
INFO: Parameter not changed? False
INFO: Parameter not changed? False
INFO: Parameter not changed? False
INFO: Parameter not changed? False
INFO: Parameter not changed? False
INFO: Parameter not changed? False
INFO: Parameter not changed? False
INFO: Parameter not changed? False
INFO: Parameter not changed? False
INFO: Parameter not changed? False
INFO: Parameter not changed? False
INFO: Parameter not changed? False
INFO: Parameter not changed? False
INFO: Parameter not changed? False
INFO: Parameter not changed? False
INFO: Parameter not changed? False
INFO: Parameter not changed? False
INFO: Parameter not changed? False
INFO: Parameter not changed? False
INFO: Parameter not changed? False
INFO: Parameter not changed? False
INFO: Parameter not changed? False
INFO: Parameter not changed? False
INFO: Parameter not changed? False
INFO: Parameter not changed? False
INFO: Parameter not changed? False
INFO: Parameter not changed? False
INFO: Parameter not changed? False
INFO: Parameter not changed? False
INFO: Parameter not changed? False
INFO: Parameter not changed? False
INFO: 0.07432705163955688
INFO: Parameter not changed? False
INFO: Parameter not changed? False
INFO: Parameter not changed? False
INFO: Parameter not changed? False
INFO: Parameter not changed? False
INFO: Parameter not changed? False
INFO: Parameter not changed? False
INFO: Parameter not changed? False
INFO: Parameter not changed? False
INFO: Parameter not changed? False
INFO: Parameter not changed? False
INFO: Parameter not changed? False
INFO: Parameter not changed? False
INFO: Parameter not changed? False
INFO: Parameter not changed? False
INFO: Parameter not changed? False
INFO: Parameter not changed? False
INFO: Parameter not changed? False
INFO: Parameter not changed? False
INFO: Parameter not changed? False
INFO: Parameter not changed? False
INFO: Parameter not changed? False
INFO: Parameter not changed? False
INFO: Parameter not changed? False
INFO: Parameter not changed? False
INFO: Parameter not changed? False
INFO: Parameter not changed? False
INFO: Parameter not changed? False
INFO: Parameter not changed? False
INFO: Parameter not changed? False
INFO: Parameter not changed? False
INFO: Parameter not changed? False
INFO: Parameter not changed? False
INFO: Parameter not changed? False
INFO: Parameter not changed? False
INFO: Parameter not changed? False
INFO: Parameter not changed? False
INFO: Parameter not changed? False
INFO: Parameter not changed? False
INFO: Parameter not changed? False
INFO: Parameter not changed? False
INFO: Parameter not changed? False
INFO: Parameter not changed? False
INFO: Parameter not changed? False
INFO: Parameter not changed? False
INFO: Parameter not changed? False
INFO: Parameter not changed? False
INFO: Parameter not changed? False
INFO: Parameter not changed? False
INFO: Parameter not changed? False
INFO: Parameter not changed? False
INFO: Parameter not changed? False
INFO: Parameter not changed? False
INFO: Parameter not changed? False
INFO: Parameter not changed? False
INFO: Parameter not changed? False
INFO: Parameter not changed? False
INFO: Parameter not changed? False
INFO: Parameter not changed? False
INFO: Parameter not changed? False
INFO: Parameter not changed? False
INFO: Parameter not changed? False
INFO: Parameter not changed? False
INFO: Parameter not changed? False
INFO: Parameter not changed? False
INFO: Parameter not changed? False
INFO: Parameter not changed? False
INFO: Parameter not changed? False
INFO: Parameter not changed? False
INFO: Parameter not changed? False
INFO: Parameter not changed? False
INFO: Parameter not changed? False
INFO: Parameter not changed? False
INFO: Parameter not changed? False
INFO: Parameter not changed? False
INFO: Parameter not changed? False
INFO: Parameter not changed? False
INFO: Parameter not changed? False
INFO: Parameter not changed? False
INFO: Parameter not changed? False
INFO: 0.044955477118492126
INFO: Parameter not changed? False
INFO: Parameter not changed? False
INFO: Parameter not changed? False
INFO: Parameter not changed? False
INFO: Parameter not changed? False
INFO: Parameter not changed? False
INFO: Parameter not changed? False
INFO: Parameter not changed? False
INFO: Parameter not changed? False
INFO: Parameter not changed? False
INFO: Parameter not changed? False
INFO: Parameter not changed? False
INFO: Parameter not changed? False
INFO: Parameter not changed? False
INFO: Parameter not changed? False
INFO: Parameter not changed? False
INFO: Parameter not changed? False
INFO: Parameter not changed? False
INFO: Parameter not changed? False
INFO: Parameter not changed? False
INFO: Parameter not changed? False
INFO: Parameter not changed? False
INFO: Parameter not changed? False
INFO: Parameter not changed? False
INFO: Parameter not changed? False
INFO: Parameter not changed? False
INFO: Parameter not changed? False
INFO: Parameter not changed? False
INFO: Parameter not changed? False
INFO: Parameter not changed? False
INFO: Parameter not changed? False
INFO: Parameter not changed? False
INFO: Parameter not changed? False
INFO: Parameter not changed? False
INFO: Parameter not changed? False
INFO: Parameter not changed? False
INFO: Parameter not changed? False
INFO: Parameter not changed? False
INFO: Parameter not changed? False
INFO: Parameter not changed? False
INFO: Parameter not changed? False
INFO: Parameter not changed? False
INFO: Parameter not changed? False
INFO: Parameter not changed? False
INFO: Parameter not changed? False
INFO: Parameter not changed? False
INFO: Parameter not changed? False
INFO: Parameter not changed? False
INFO: Parameter not changed? False
INFO: Parameter not changed? False
INFO: Parameter not changed? False
INFO: Parameter not changed? False
INFO: Parameter not changed? False
INFO: Parameter not changed? False
INFO: Parameter not changed? False
INFO: Parameter not changed? False
INFO: Parameter not changed? False
INFO: Parameter not changed? False
INFO: Parameter not changed? False
INFO: Parameter not changed? False
INFO: Parameter not changed? False
INFO: Parameter not changed? False
INFO: Parameter not changed? False
INFO: Parameter not changed? False
INFO: Parameter not changed? False
INFO: Parameter not changed? False
INFO: Parameter not changed? False
INFO: Parameter not changed? False
INFO: Parameter not changed? False
INFO: Parameter not changed? False
INFO: Parameter not changed? False
INFO: Parameter not changed? False
INFO: Parameter not changed? False
INFO: Parameter not changed? False
INFO: Parameter not changed? False
INFO: Parameter not changed? False
INFO: Parameter not changed? False
INFO: Parameter not changed? False
INFO: Parameter not changed? False
INFO: Parameter not changed? False
INFO: 0.09060444682836533
INFO: Parameter not changed? False
INFO: Parameter not changed? False
INFO: Parameter not changed? False
INFO: Parameter not changed? False
INFO: Parameter not changed? False
INFO: Parameter not changed? False
INFO: Parameter not changed? False
INFO: Parameter not changed? False
INFO: Parameter not changed? False
INFO: Parameter not changed? False
INFO: Parameter not changed? False
INFO: Parameter not changed? False
INFO: Parameter not changed? False
INFO: Parameter not changed? False
INFO: Parameter not changed? False
INFO: Parameter not changed? False
INFO: Parameter not changed? False
INFO: Parameter not changed? False
INFO: Parameter not changed? False
INFO: Parameter not changed? False
INFO: Parameter not changed? False
INFO: Parameter not changed? False
INFO: Parameter not changed? False
INFO: Parameter not changed? False
INFO: Parameter not changed? False
INFO: Parameter not changed? False
INFO: Parameter not changed? False
INFO: Parameter not changed? False
INFO: Parameter not changed? False
INFO: Parameter not changed? False
INFO: Parameter not changed? False
INFO: Parameter not changed? False
INFO: Parameter not changed? False
INFO: Parameter not changed? False
INFO: Parameter not changed? False
INFO: Parameter not changed? False
INFO: Parameter not changed? False
INFO: Parameter not changed? False
INFO: Parameter not changed? False
INFO: Parameter not changed? False
INFO: Parameter not changed? False
INFO: Parameter not changed? False
INFO: Parameter not changed? False
INFO: Parameter not changed? False
INFO: Parameter not changed? False
INFO: Parameter not changed? False
INFO: Parameter not changed? False
INFO: Parameter not changed? False
INFO: Parameter not changed? False
INFO: Parameter not changed? False
INFO: Parameter not changed? False
INFO: Parameter not changed? False
INFO: Parameter not changed? False
INFO: Parameter not changed? False
INFO: Parameter not changed? False
INFO: Parameter not changed? False
INFO: Parameter not changed? False
INFO: Parameter not changed? False
INFO: Parameter not changed? False
INFO: Parameter not changed? False
INFO: Parameter not changed? False
INFO: Parameter not changed? False
INFO: Parameter not changed? False
INFO: Parameter not changed? False
INFO: Parameter not changed? False
INFO: Parameter not changed? False
INFO: Parameter not changed? False
INFO: Parameter not changed? False
INFO: Parameter not changed? False
INFO: Parameter not changed? False
INFO: Parameter not changed? False
INFO: Parameter not changed? False
INFO: Parameter not changed? False
INFO: Parameter not changed? False
INFO: Parameter not changed? False
INFO: Parameter not changed? False
INFO: Parameter not changed? False
INFO: Parameter not changed? False
INFO: Parameter not changed? False
INFO: Parameter not changed? False
INFO: 0.07457240670919418
WARNING: Lossy conversion from float32 to uint8. Range [-1.0, 0.49803924560546875]. Convert image to uint8 prior to saving to suppress this warning.
WARNING: Lossy conversion from float32 to uint8. Range [-1.0, 0.9345473647117615]. Convert image to uint8 prior to saving to suppress this warning.
WARNING: Lossy conversion from float32 to uint8. Range [0.14909528195858002, 9.576919555664062]. Convert image to uint8 prior to saving to suppress this warning.
WARNING: Lossy conversion from float32 to uint8. Range [0.2185790091753006, 8.682056427001953]. Convert image to uint8 prior to saving to suppress this warning.
INFO: Parameter not changed? False
INFO: Parameter not changed? False
INFO: Parameter not changed? False
INFO: Parameter not changed? False
INFO: Parameter not changed? False
INFO: Parameter not changed? False
INFO: Parameter not changed? False
INFO: Parameter not changed? False
INFO: Parameter not changed? False
INFO: Parameter not changed? False
INFO: Parameter not changed? False
INFO: Parameter not changed? False
INFO: Parameter not changed? False
INFO: Parameter not changed? False
INFO: Parameter not changed? False
INFO: Parameter not changed? False
INFO: Parameter not changed? False
INFO: Parameter not changed? False
INFO: Parameter not changed? False
INFO: Parameter not changed? False
INFO: Parameter not changed? False
INFO: Parameter not changed? False
INFO: Parameter not changed? False
INFO: Parameter not changed? False
INFO: Parameter not changed? False
INFO: Parameter not changed? False
INFO: Parameter not changed? False
INFO: Parameter not changed? False
INFO: Parameter not changed? False
INFO: Parameter not changed? False
INFO: Parameter not changed? False
INFO: Parameter not changed? False
INFO: Parameter not changed? False
INFO: Parameter not changed? False
INFO: Parameter not changed? False
INFO: Parameter not changed? False
INFO: Parameter not changed? False
INFO: Parameter not changed? False
INFO: Parameter not changed? False
INFO: Parameter not changed? False
INFO: Parameter not changed? False
slurmstepd: error: *** JOB 439754 ON havok CANCELLED AT 2020-04-06T11:21:09 ***
